Mono path[0] = 'C:/Users/mcclimge1/IT_4080_NetworkCon/4080IT1-main/IT_4080_NetworkCon_Data/multi_Data/Managed'
Mono config path = 'C:/Users/mcclimge1/IT_4080_NetworkCon/4080IT1-main/IT_4080_NetworkCon_Data/MonoBleedingEdge/etc'
Found 1 interfaces on host : 0) 10.37.5.20
Multi-casting "[IP] 10.37.5.20 [Port] 55000 [Flags] 2 [Guid] 3895271171 [EditorId] 1335725033 [Version] 1048832 [Id] WindowsPlayer(2,10297-LCBIT) [Debug] 0 [PackageName] WindowsPlayer [ProjectName] IT_4080_NetworkCon" to [225.0.0.222:54997]...
Initialize engine version: 2021.3.29f1 (204d6dc9ae1c)
[Subsystems] Discovering subsystems at path C:/Users/mcclimge1/IT_4080_NetworkCon/4080IT1-main/IT_4080_NetworkCon_Data/multi_Data/UnitySubsystems
GfxDevice: creating device client; threaded=1; jobified=1
Direct3D:
    Version:  Direct3D 11.0 [level 11.1]
    Renderer: Intel(R) UHD Graphics 630 (ID=0x3e92)
    Vendor:   Intel
    VRAM:     3967 MB
    Driver:   31.0.101.2115
Begin MonoManager ReloadAssembly
- Completed reload, in  0.159 seconds
<RI> Initializing input.
<RI> Input initialized.
<RI> Initialized touch support.
UnloadTime: 1.689000 ms
[client 0]: !! Client Started !!
[client 0]: I am Nothing yet
Unloading 6 Unused Serialized files (Serialized files now loaded: 0)
UnloadTime: 19.335100 ms
[client 1]: I have connected 1
[client 1]: player count = 1
Unloading 8 unused Assets / (2.7 KB). Loaded Objects now: 1925.
Memory consumption went from 47.2 MB to 47.2 MB.
Total: 6.160900 ms (FindLiveObjects: 0.538500 ms CreateObjectMapping: 0.051000 ms MarkObjects: 5.496900 ms  DeleteObjects: 0.073300 ms)

[client 1][Player0]:  Awake
Unloading 5 Unused Serialized files (Serialized files now loaded: 0)
[client 1][Player0]:  OnNetworkSpawn
[client 1][Player0]:  Awake
[client 1][Player1]:  OnNetworkSpawn
[client 1][Player0]:  Awake
[client 1][Player2]:  OnNetworkSpawn
[client 1][Player0]:  Start
[client 1][Player1]:  Start
[client 1][Player2]:  Start
UnloadTime: 8.201200 ms
Unloading 2 unused Assets / (224.6 KB). Loaded Objects now: 2120.
Memory consumption went from 48.9 MB to 48.7 MB.
Total: 5.713800 ms (FindLiveObjects: 0.546000 ms CreateObjectMapping: 0.279700 ms MarkObjects: 4.804800 ms  DeleteObjects: 0.081500 ms)

-- MultiRun Application End Indicator --
[client 1]: I have disconnected 0
NullReferenceException
  at (wrapper managed-to-native) UnityEngine.Component.get_gameObject(UnityEngine.Component)
  at Lobby.ClientOnClientDisconnected (System.UInt64 clientId) [0x00001] in C:\Users\mcclimge1\IT_4080_NetworkCon\Assets\Scripts\Lobby.cs:104 
  at (wrapper delegate-invoke) System.Action`1[System.UInt64].invoke_void_T(ulong)
  at Unity.Netcode.NetworkConnectionManager.DisconnectEventHandler (System.UInt64 transportClientId) [0x00048] in C:\Users\mcclimge1\IT_4080_NetworkCon\Library\PackageCache\com.unity.netcode.gameobjects@1.5.2\Runtime\Connection\NetworkConnectionManager.cs:360 
UnityEngine.DebugLogHandler:Internal_LogException(Exception, Object)
UnityEngine.DebugLogHandler:LogException(Exception, Object)
UnityEngine.Logger:LogException(Exception, Object)
UnityEngine.Debug:LogException(Exception)
Unity.Netcode.NetworkConnectionManager:DisconnectEventHandler(UInt64) (at C:\Users\mcclimge1\IT_4080_NetworkCon\Library\PackageCache\com.unity.netcode.gameobjects@1.5.2\Runtime\Connection\NetworkConnectionManager.cs:364)
Unity.Netcode.NetworkConnectionManager:HandleNetworkEvent(NetworkEvent, UInt64, ArraySegment`1, Single) (at C:\Users\mcclimge1\IT_4080_NetworkCon\Library\PackageCache\com.unity.netcode.gameobjects@1.5.2\Runtime\Connection\NetworkConnectionManager.cs:264)
Unity.Netcode.NetworkTransport:InvokeOnTransportEvent(NetworkEvent, UInt64, ArraySegment`1, Single) (at C:\Users\mcclimge1\IT_4080_NetworkCon\Library\PackageCache\com.unity.netcode.gameobjects@1.5.2\Runtime\Transports\NetworkTransport.cs:49)
Unity.Netcode.Transports.UTP.UnityTransport:DisconnectLocalClient() (at C:\Users\mcclimge1\IT_4080_NetworkCon\Library\PackageCache\com.unity.netcode.gameobjects@1.5.2\Runtime\Transports\UTP\UnityTransport.cs:1136)
Unity.Netcode.NetworkConnectionManager:Shutdown() (at C:\Users\mcclimge1\IT_4080_NetworkCon\Library\PackageCache\com.unity.netcode.gameobjects@1.5.2\Runtime\Connection\NetworkConnectionManager.cs:984)
Unity.Netcode.NetworkManager:ShutdownInternal() (at C:\Users\mcclimge1\IT_4080_NetworkCon\Library\PackageCache\com.unity.netcode.gameobjects@1.5.2\Runtime\Core\NetworkManager.cs:980)
Unity.Netcode.NetworkManager:OnDestroy() (at C:\Users\mcclimge1\IT_4080_NetworkCon\Library\PackageCache\com.unity.netcode.gameobjects@1.5.2\Runtime\Core\NetworkManager.cs:1043)
Unity.Netcode.NetworkManager:OnApplicationQuit() (at C:\Users\mcclimge1\IT_4080_NetworkCon\Library\PackageCache\com.unity.netcode.gameobjects@1.5.2\Runtime\Core\NetworkManager.cs:1037)

(Filename: C:/Users/mcclimge1/IT_4080_NetworkCon/Library/PackageCache/com.unity.netcode.gameobjects@1.5.2/Runtime/Connection/NetworkConnectionManager.cs Line: 364)

[client 1]: !! Client Stopped !!
[client 1]: I am Nothing yet
Setting up 6 worker threads for Enlighten.
PlayerConnection::CleanupMemory Statistics:
[ALLOC_TEMP_TLS] TLS Allocator
  StackAllocators : 
    [ALLOC_TEMP_MAIN]
      Peak usage frame count: [4.0 KB-8.0 KB]: 1567 frames, [8.0 KB-16.0 KB]: 2 frames, [64.0 KB-128.0 KB]: 1 frames, [128.0 KB-256.0 KB]: 2 frames, [2.0 MB-4.0 MB]: 1 frames
      Initial Block Size 4.0 MB
      Current Block Size 4.0 MB
      Peak Allocated Bytes 2.0 MB
      Overflow Count 0
    [ALLOC_TEMP_Background Job.Worker 2]
      Initial Block Size 32.0 KB
      Current Block Size 32.0 KB
      Peak Allocated Bytes 110 B
      Overflow Count 0
    [ALLOC_TEMP_Background Job.Worker 7]
      Initial Block Size 32.0 KB
      Current Block Size 32.0 KB
      Peak Allocated Bytes 110 B
      Overflow Count 0
    [ALLOC_TEMP_Loading.PreloadManager]
      Initial Block Size 256.0 KB
      Current Block Size 256.0 KB
      Peak Allocated Bytes 42.3 KB
      Overflow Count 12
    [ALLOC_TEMP_UnityGfxDeviceWorker]
      Initial Block Size 256.0 KB
      Current Block Size 256.0 KB
      Peak Allocated Bytes 15.0 KB
      Overflow Count 0
    [ALLOC_TEMP_AssetGarbageCollectorHelper] x 11
      Initial Block Size 64.0 KB
      Current Block Size 64.0 KB
      Peak Allocated Bytes 0 B
      Overflow Count 0
    [ALLOC_TEMP_AUDIO_FMOD stream thread]
      Initial Block Size 64.0 KB
      Current Block Size 64.0 KB
      Peak Allocated Bytes 42 B
      Overflow Count 0
    [ALLOC_TEMP_Background Job.Worker 5]
      Initial Block Size 32.0 KB
      Current Block Size 32.0 KB
      Peak Allocated Bytes 110 B
      Overflow Count 0
    [ALLOC_TEMP_Background Job.Worker 8]
      Initial Block Size 32.0 KB
      Current Block Size 32.0 KB
      Peak Allocated Bytes 110 B
      Overflow Count 0
    [ALLOC_TEMP_Job.Worker 9]
      Initial Block Size 256.0 KB
      Current Block Size 256.0 KB
      Peak Allocated Bytes 2.7 KB
      Overflow Count 0
    [ALLOC_TEMP_Job.Worker 6]
      Initial Block Size 256.0 KB
      Current Block Size 256.0 KB
      Peak Allocated Bytes 2.7 KB
      Overflow Count 0
    [ALLOC_TEMP_Job.Worker 0]
      Initial Block Size 256.0 KB
      Current Block Size 256.0 KB
      Peak Allocated Bytes 2.7 KB
      Overflow Count 0
    [ALLOC_TEMP_Background Job.Worker 10]
      Initial Block Size 32.0 KB
      Current Block Size 32.0 KB
      Peak Allocated Bytes 111 B
      Overflow Count 0
    [ALLOC_TEMP_Loading.AsyncRead]
      Initial Block Size 64.0 KB
      Current Block Size 64.0 KB
      Peak Allocated Bytes 336 B
      Overflow Count 0
    [ALLOC_TEMP_Background Job.Worker 9]
      Initial Block Size 32.0 KB
      Current Block Size 32.0 KB
      Peak Allocated Bytes 110 B
      Overflow Count 0
    [ALLOC_TEMP_Background Job.Worker 13]
      Initial Block Size 32.0 KB
      Current Block Size 32.0 KB
      Peak Allocated Bytes 111 B
      Overflow Count 0
    [ALLOC_TEMP_Job.Worker 5]
      Initial Block Size 256.0 KB
      Current Block Size 256.0 KB
      Peak Allocated Bytes 8.6 KB
      Overflow Count 0
    [ALLOC_TEMP_Job.Worker 8]
      Initial Block Size 256.0 KB
      Current Block Size 256.0 KB
      Peak Allocated Bytes 2.7 KB
      Overflow Count 0
    [ALLOC_TEMP_Background Job.Worker 14]
      Initial Block Size 32.0 KB
      Current Block Size 32.0 KB
      Peak Allocated Bytes 111 B
      Overflow Count 0
    [ALLOC_TEMP_Background Job.Worker 6]
      Initial Block Size 32.0 KB
      Current Block Size 32.0 KB
      Peak Allocated Bytes 110 B
      Overflow Count 0
    [ALLOC_TEMP_Job.Worker 4]
      Initial Block Size 256.0 KB
      Current Block Size 256.0 KB
      Peak Allocated Bytes 8.6 KB
      Overflow Count 0
    [ALLOC_TEMP_AUDIO_FMOD (WASAPI) feeder thread]
      Initial Block Size 64.0 KB
      Current Block Size 64.0 KB
      Peak Allocated Bytes 144 B
      Overflow Count 0
    [ALLOC_TEMP_Job.Worker 7]
      Initial Block Size 256.0 KB
      Current Block Size 256.0 KB
      Peak Allocated Bytes 2.7 KB
      Overflow Count 0
    [ALLOC_TEMP_Profiler.Dispatcher]
      Initial Block Size 64.0 KB
      Current Block Size 64.0 KB
      Peak Allocated Bytes 0 B
      Overflow Count 0
    [ALLOC_TEMP_Job.Worker 1]
      Initial Block Size 256.0 KB
      Current Block Size 256.0 KB
      Peak Allocated Bytes 2.7 KB
      Overflow Count 0
    [ALLOC_TEMP_Background Job.Worker 11]
      Initial Block Size 32.0 KB
      Current Block Size 32.0 KB
      Peak Allocated Bytes 111 B
      Overflow Count 0
    [ALLOC_TEMP_Job.Worker 2]
      Initial Block Size 256.0 KB
      Current Block Size 256.0 KB
      Peak Allocated Bytes 2.7 KB
      Overflow Count 0
    [ALLOC_TEMP_Background Job.Worker 3]
      Initial Block Size 32.0 KB
      Current Block Size 32.0 KB
      Peak Allocated Bytes 110 B
      Overflow Count 0
    [ALLOC_TEMP_Job.Worker 10]
      Initial Block Size 256.0 KB
      Current Block Size 256.0 KB
      Peak Allocated Bytes 2.7 KB
      Overflow Count 0
    [ALLOC_TEMP_Job.Worker 3]
      Initial Block Size 256.0 KB
      Current Block Size 256.0 KB
      Peak Allocated Bytes 9.6 KB
      Overflow Count 0
    [ALLOC_TEMP_AUDIO_FMOD mixer thread]
      Initial Block Size 64.0 KB
      Current Block Size 64.0 KB
      Peak Allocated Bytes 42 B
      Overflow Count 0
    [ALLOC_TEMP_Background Job.Worker 0]
      Initial Block Size 32.0 KB
      Current Block Size 32.0 KB
      Peak Allocated Bytes 110 B
      Overflow Count 0
    [ALLOC_TEMP_Background Job.Worker 12]
      Initial Block Size 32.0 KB
      Current Block Size 32.0 KB
      Peak Allocated Bytes 111 B
      Overflow Count 0
    [ALLOC_TEMP_EnlightenWorker] x 6
      Initial Block Size 64.0 KB
      Current Block Size 64.0 KB
      Peak Allocated Bytes 42 B
      Overflow Count 0
    [ALLOC_TEMP_Background Job.Worker 15]
      Initial Block Size 32.0 KB
      Current Block Size 32.0 KB
      Peak Allocated Bytes 111 B
      Overflow Count 0
    [ALLOC_TEMP_Background Job.Worker 1]
      Initial Block Size 32.0 KB
      Current Block Size 32.0 KB
      Peak Allocated Bytes 110 B
      Overflow Count 0
    [ALLOC_TEMP_Background Job.Worker 4]
      Initial Block Size 32.0 KB
      Current Block Size 32.0 KB
      Peak Allocated Bytes 110 B
      Overflow Count 0
    [ALLOC_TEMP_BatchDeleteObjects]
      Initial Block Size 64.0 KB
      Current Block Size 64.0 KB
      Peak Allocated Bytes 42 B
      Overflow Count 0
[ALLOC_MEMORYPROFILER]
  Peak usage frame count: [32.0 KB-64.0 KB]: 186 frames, [64.0 KB-128.0 KB]: 1387 frames
  Requested Block Size 1.0 MB
  Peak Block count 1
  Peak Allocated memory 70.4 KB
  Peak Large allocation bytes 0 B
[ALLOC_DEFAULT] Dual Thread Allocator
  Peak main deferred allocation count 146
    [ALLOC_BUCKET]
      Large Block size 4.0 MB
      Used Block count 1
      Peak Allocated bytes 1.0 MB
    [ALLOC_DEFAULT_MAIN]
      Peak usage frame count: [8.0 MB-16.0 MB]: 174 frames, [16.0 MB-32.0 MB]: 1399 frames
      Requested Block Size 16.0 MB
      Peak Block count 2
      Peak Allocated memory 19.6 MB
      Peak Large allocation bytes 0 B
    [ALLOC_DEFAULT_THREAD]
      Peak usage frame count: [16.0 MB-32.0 MB]: 1573 frames
      Requested Block Size 16.0 MB
      Peak Block count 1
      Peak Allocated memory 17.5 MB
      Peak Large allocation bytes 16.0 MB
[ALLOC_TEMP_JOB_1_FRAME]
  Initial Block Size 2.0 MB
  Used Block Count 1
  Overflow Count (too large) 0
  Overflow Count (full) 0
[ALLOC_TEMP_JOB_2_FRAMES]
  Initial Block Size 2.0 MB
  Used Block Count 1
  Overflow Count (too large) 0
  Overflow Count (full) 0
[ALLOC_TEMP_JOB_4_FRAMES (JobTemp)]
  Initial Block Size 2.0 MB
  Used Block Count 2
  Overflow Count (too large) 0
  Overflow Count (full) 0
[ALLOC_TEMP_JOB_ASYNC (Background)]
  Initial Block Size 1.0 MB
  Used Block Count 4
  Overflow Count (too large) 0
  Overflow Count (full) 0
[ALLOC_GFX] Dual Thread Allocator
  Peak main deferred allocation count 2
    [ALLOC_BUCKET]
      Large Block size 4.0 MB
      Used Block count 1
      Peak Allocated bytes 1.0 MB
    [ALLOC_GFX_MAIN]
      Peak usage frame count: [32.0 KB-64.0 KB]: 190 frames, [64.0 KB-128.0 KB]: 1 frames, [128.0 KB-256.0 KB]: 1 frames, [1.0 MB-2.0 MB]: 1380 frames, [2.0 MB-4.0 MB]: 1 frames
      Requested Block Size 16.0 MB
      Peak Block count 1
      Peak Allocated memory 2.7 MB
      Peak Large allocation bytes 0 B
    [ALLOC_GFX_THREAD]
      Peak usage frame count: [64.0 KB-128.0 KB]: 1241 frames, [0.5 MB-1.0 MB]: 332 frames
      Requested Block Size 16.0 MB
      Peak Block count 1
      Peak Allocated memory 0.9 MB
      Peak Large allocation bytes 0 B
[ALLOC_CACHEOBJECTS] Dual Thread Allocator
  Peak main deferred allocation count 28
    [ALLOC_BUCKET]
      Large Block size 4.0 MB
      Used Block count 1
      Peak Allocated bytes 1.0 MB
    [ALLOC_CACHEOBJECTS_MAIN]
      Peak usage frame count: [1.0 MB-2.0 MB]: 1573 frames
      Requested Block Size 4.0 MB
      Peak Block count 1
      Peak Allocated memory 1.3 MB
      Peak Large allocation bytes 0 B
    [ALLOC_CACHEOBJECTS_THREAD]
      Peak usage frame count: [0.5 MB-1.0 MB]: 184 frames, [1.0 MB-2.0 MB]: 1389 frames
      Requested Block Size 4.0 MB
      Peak Block count 1
      Peak Allocated memory 1.7 MB
      Peak Large allocation bytes 0 B
[ALLOC_TYPETREE] Dual Thread Allocator
  Peak main deferred allocation count 0
    [ALLOC_BUCKET]
      Large Block size 4.0 MB
      Used Block count 1
      Peak Allocated bytes 1.0 MB
    [ALLOC_TYPETREE_MAIN]
      Peak usage frame count: [4.0 KB-8.0 KB]: 1573 frames
      Requested Block Size 2.0 MB
      Peak Block count 1
      Peak Allocated memory 4.8 KB
      Peak Large allocation bytes 0 B
    [ALLOC_TYPETREE_THREAD]
      Peak usage frame count: [4.0 KB-8.0 KB]: 187 frames, [8.0 KB-16.0 KB]: 1 frames, [16.0 KB-32.0 KB]: 1385 frames
      Requested Block Size 2.0 MB
      Peak Block count 1
      Peak Allocated memory 23.0 KB
      Peak Large allocation bytes 0 B
[ALLOC_PROFILER]
  Peak usage frame count: [16.0 KB-32.0 KB]: 1573 frames
  Requested Block Size 16.0 MB
  Peak Block count 1
  Peak Allocated memory 29.0 KB
  Peak Large allocation bytes 0 B
    [ALLOC_PROFILER_BUCKET]
      Large Block size 4.0 MB
      Used Block count 1
      Peak Allocated bytes 406 B
##utp:{"type":"MemoryLeaks","version":2,"phase":"Immediate","time":1698087897260,"processId":21792,"allocatedMemory":9754453,"memoryLabels":[{"Default":5997},{"Permanent":9580},{"NewDelete":8560},{"Thread":4228936},{"Manager":273673},{"VertexData":12},{"Geometry":400},{"Texture":8},{"Shader":46006},{"Material":12},{"GfxDevice":26312},{"Animation":144},{"Audio":2744},{"FontEngine":160},{"Physics":188},{"Serialization":480},{"Input":13944},{"JobScheduler":168},{"Mono":24},{"ScriptingNativeRuntime":160},{"BaseObject":821108},{"Resource":496},{"Renderer":1276},{"Transform":8},{"File":584},{"WebCam":24},{"Culling":24},{"Terrain":609},{"Wind":12},{"STL":36},{"String":3048},{"DynamicArray":15616},{"HashMap":5400},{"Utility":3073},{"PoolAlloc":972},{"TypeTree":1728},{"ScriptManager":48},{"RuntimeInitializeOnLoadManager":56},{"SpriteAtlas":92},{"GI":2940},{"Unet":16},{"Director":4064},{"WebRequest":532},{"VR":24065},{"SceneManager":312},{"Video":20},{"LazyScriptCache":32},{"NativeArray":4196444},{"Camera":13},{"Secure":1},{"SerializationCache":316},{"APIUpdating":4168},{"Subsystems":184},{"VirtualTexturing":49596},{"AssetReference":32}]}
